# JRE version: OpenJDK Runtime Environment Temurin-21.0.6+7 (21.0.6+7) (build 21.0.6+7-LTS)
# Java VM: OpenJDK 64-Bit Server VM Temurin-21.0.6+7 (21.0.6+7-LTS, mixed mode, sharing, tiered, compressed oops, compressed class ptrs, parallel gc, windows-amd64)
GC Precious Log:
 CardTable entry size: 512
 CPUs: 20 total, 20 available
 Memory: 16176M
 Large Page Support: Disabled
 NUMA Support: Disabled
 Compressed Oops: Enabled (32-bit)
 Alignments: Space 512K, Generation 512K, Heap 2M
 Heap Min Capacity: 100M
 Heap Initial Capacity: 100M
 Heap Max Capacity: 1G
 Pre-touch: Disabled
 Parallel Workers: 15
Heap:
 PSYoungGen      total 4096K, used 2194K [0x00000000eab00000, 0x00000000eb300000, 0x0000000100000000)
  eden space 2560K, 29% used [0x00000000eab00000,0x00000000eabbc930,0x00000000ead80000)
  from space 1536K, 93% used [0x00000000eb180000,0x00000000eb2e8000,0x00000000eb300000)
  to   space 2560K, 0% used [0x00000000eae00000,0x00000000eae00000,0x00000000eb080000)
 ParOldGen       total 480256K, used 111062K [0x00000000c0000000, 0x00000000dd500000, 0x00000000eab00000)
  object space 480256K, 23% used [0x00000000c0000000,0x00000000c6c75b50,0x00000000dd500000)
 Metaspace       used 81842K, committed 83456K, reserved 1179648K
  class space    used 8347K, committed 9088K, reserved 1048576K
GC Heap History (20 events):
Event: 828.860 GC heap before
{Heap before GC invocations=559 (full 4):
 PSYoungGen      total 2560K, used 2426K [0x00000000eab00000, 0x00000000eae80000, 0x0000000100000000)
  eden space 2048K, 99% used [0x00000000eab00000,0x00000000eacfe8b0,0x00000000ead00000)
  from space 512K, 75% used [0x00000000eae00000,0x00000000eae60040,0x00000000eae80000)
  to   space 512K, 0% used [0x00000000ead80000,0x00000000ead80000,0x00000000eae00000)
 ParOldGen       total 480256K, used 101859K [0x00000000c0000000, 0x00000000dd500000, 0x00000000eab00000)
  object space 480256K, 21% used [0x00000000c0000000,0x00000000c6378c60,0x00000000dd500000)
 Metaspace       used 81525K, committed 83136K, reserved 1179648K
  class space    used 8314K, committed 9024K, reserved 1048576K
}
Event: 828.994 GC heap after
{Heap after GC invocations=559 (full 4):
 PSYoungGen      total 2560K, used 480K [0x00000000eab00000, 0x00000000eaf00000, 0x0000000100000000)
  eden space 2048K, 0% used [0x00000000eab00000,0x00000000eab00000,0x00000000ead00000)
  from space 512K, 93% used [0x00000000ead80000,0x00000000eadf8010,0x00000000eae00000)
  to   space 1024K, 0% used [0x00000000eae00000,0x00000000eae00000,0x00000000eaf00000)
 ParOldGen       total 480256K, used 102115K [0x00000000c0000000, 0x00000000dd500000, 0x00000000eab00000)
  object space 480256K, 21% used [0x00000000c0000000,0x00000000c63b8cd0,0x00000000dd500000)
 Metaspace       used 81525K, committed 83136K, reserved 1179648K
  class space    used 8314K, committed 9024K, reserved 1048576K
}
Event: 829.539 GC heap before
{Heap before GC invocations=560 (full 4):
 PSYoungGen      total 2560K, used 2527K [0x00000000eab00000, 0x00000000eaf00000, 0x0000000100000000)
  eden space 2048K, 99% used [0x00000000eab00000,0x00000000eacfff40,0x00000000ead00000)
  from space 512K, 93% used [0x00000000ead80000,0x00000000eadf8010,0x00000000eae00000)
  to   space 1024K, 0% used [0x00000000eae00000,0x00000000eae00000,0x00000000eaf00000)
 ParOldGen       total 480256K, used 102115K [0x00000000c0000000, 0x00000000dd500000, 0x00000000eab00000)
  object space 480256K, 21% used [0x00000000c0000000,0x00000000c63b8cd0,0x00000000dd500000)
 Metaspace       used 81675K, committed 83328K, reserved 1179648K
  class space    used 8328K, committed 9088K, reserved 1048576K
}
Event: 829.553 GC heap after
{Heap after GC invocations=560 (full 4):
 PSYoungGen      total 2560K, used 373K [0x00000000eab00000, 0x00000000eae80000, 0x0000000100000000)
  eden space 2048K, 0% used [0x00000000eab00000,0x00000000eab00000,0x00000000ead00000)
  from space 512K, 73% used [0x00000000eae00000,0x00000000eae5d7e0,0x00000000eae80000)
  to   space 512K, 0% used [0x00000000ead80000,0x00000000ead80000,0x00000000eae00000)
 ParOldGen       total 480256K, used 102251K [0x00000000c0000000, 0x00000000dd500000, 0x00000000eab00000)
  object space 480256K, 21% used [0x00000000c0000000,0x00000000c63dace0,0x00000000dd500000)
 Metaspace       used 81675K, committed 83328K, reserved 1179648K
  class space    used 8328K, committed 9088K, reserved 1048576K
}
Event: 830.043 GC heap before
{Heap before GC invocations=561 (full 4):
 PSYoungGen      total 2560K, used 2421K [0x00000000eab00000, 0x00000000eae80000, 0x0000000100000000)
  eden space 2048K, 100% used [0x00000000eab00000,0x00000000ead00000,0x00000000ead00000)
  from space 512K, 73% used [0x00000000eae00000,0x00000000eae5d7e0,0x00000000eae80000)
  to   space 512K, 0% used [0x00000000ead80000,0x00000000ead80000,0x00000000eae00000)
 ParOldGen       total 480256K, used 102251K [0x00000000c0000000, 0x00000000dd500000, 0x00000000eab00000)
  object space 480256K, 21% used [0x00000000c0000000,0x00000000c63dace0,0x00000000dd500000)
 Metaspace       used 81730K, committed 83392K, reserved 1179648K
  class space    used 8340K, committed 9088K, reserved 1048576K
}
Event: 830.058 GC heap after
{Heap after GC invocations=561 (full 4):
 PSYoungGen      total 2560K, used 485K [0x00000000eab00000, 0x00000000eb000000, 0x0000000100000000)
  eden space 2048K, 0% used [0x00000000eab00000,0x00000000eab00000,0x00000000ead00000)
  from space 512K, 94% used [0x00000000ead80000,0x00000000eadf95b0,0x00000000eae00000)
  to   space 1536K, 0% used [0x00000000eae80000,0x00000000eae80000,0x00000000eb000000)
 ParOldGen       total 480256K, used 103078K [0x00000000c0000000, 0x00000000dd500000, 0x00000000eab00000)
  object space 480256K, 21% used [0x00000000c0000000,0x00000000c64a9a70,0x00000000dd500000)
 Metaspace       used 81730K, committed 83392K, reserved 1179648K
  class space    used 8340K, committed 9088K, reserved 1048576K
}
Event: 830.066 GC heap before
{Heap before GC invocations=562 (full 4):
 PSYoungGen      total 2560K, used 2533K [0x00000000eab00000, 0x00000000eb000000, 0x0000000100000000)
  eden space 2048K, 100% used [0x00000000eab00000,0x00000000ead00000,0x00000000ead00000)
  from space 512K, 94% used [0x00000000ead80000,0x00000000eadf95b0,0x00000000eae00000)
  to   space 1536K, 0% used [0x00000000eae80000,0x00000000eae80000,0x00000000eb000000)
 ParOldGen       total 480256K, used 103078K [0x00000000c0000000, 0x00000000dd500000, 0x00000000eab00000)
  object space 480256K, 21% used [0x00000000c0000000,0x00000000c64a9a70,0x00000000dd500000)
 Metaspace       used 81730K, committed 83392K, reserved 1179648K
  class space    used 8340K, committed 9088K, reserved 1048576K
}
Event: 830.078 GC heap after
{Heap after GC invocations=562 (full 4):
 PSYoungGen      total 2048K, used 1536K [0x00000000eab00000, 0x00000000eb300000, 0x0000000100000000)
  eden space 512K, 0% used [0x00000000eab00000,0x00000000eab00000,0x00000000eab80000)
  from space 1536K, 100% used [0x00000000eae80000,0x00000000eb000000,0x00000000eb000000)
  to   space 3072K, 0% used [0x00000000eab80000,0x00000000eab80000,0x00000000eae80000)
 ParOldGen       total 480256K, used 104132K [0x00000000c0000000, 0x00000000dd500000, 0x00000000eab00000)
  object space 480256K, 21% used [0x00000000c0000000,0x00000000c65b1030,0x00000000dd500000)
 Metaspace       used 81730K, committed 83392K, reserved 1179648K
  class space    used 8340K, committed 9088K, reserved 1048576K
}
Event: 830.082 GC heap before
{Heap before GC invocations=563 (full 4):
 PSYoungGen      total 2048K, used 2048K [0x00000000eab00000, 0x00000000eb300000, 0x0000000100000000)
  eden space 512K, 100% used [0x00000000eab00000,0x00000000eab80000,0x00000000eab80000)
  from space 1536K, 100% used [0x00000000eae80000,0x00000000eb000000,0x00000000eb000000)
  to   space 3072K, 0% used [0x00000000eab80000,0x00000000eab80000,0x00000000eae80000)
 ParOldGen       total 480256K, used 104132K [0x00000000c0000000, 0x00000000dd500000, 0x00000000eab00000)
  object space 480256K, 21% used [0x00000000c0000000,0x00000000c65b1030,0x00000000dd500000)
 Metaspace       used 81730K, committed 83392K, reserved 1179648K
  class space    used 8340K, committed 9088K, reserved 1048576K
}
Event: 830.091 GC heap after
{Heap after GC invocations=563 (full 4):
 PSYoungGen      total 1536K, used 736K [0x00000000eab00000, 0x00000000eaf00000, 0x0000000100000000)
  eden space 512K, 0% used [0x00000000eab00000,0x00000000eab00000,0x00000000eab80000)
  from space 1024K, 71% used [0x00000000eab80000,0x00000000eac38000,0x00000000eac80000)
  to   space 1536K, 0% used [0x00000000ead80000,0x00000000ead80000,0x00000000eaf00000)
 ParOldGen       total 480256K, used 105780K [0x00000000c0000000, 0x00000000dd500000, 0x00000000eab00000)
  object space 480256K, 22% used [0x00000000c0000000,0x00000000c674d030,0x00000000dd500000)
 Metaspace       used 81730K, committed 83392K, reserved 1179648K
  class space    used 8340K, committed 9088K, reserved 1048576K
}
Event: 830.102 GC heap before
{Heap before GC invocations=564 (full 4):
 PSYoungGen      total 1536K, used 1247K [0x00000000eab00000, 0x00000000eaf00000, 0x0000000100000000)
  eden space 512K, 99% used [0x00000000eab00000,0x00000000eab7fff8,0x00000000eab80000)
  from space 1024K, 71% used [0x00000000eab80000,0x00000000eac38000,0x00000000eac80000)
  to   space 1536K, 0% used [0x00000000ead80000,0x00000000ead80000,0x00000000eaf00000)
 ParOldGen       total 480256K, used 105780K [0x00000000c0000000, 0x00000000dd500000, 0x00000000eab00000)
  object space 480256K, 22% used [0x00000000c0000000,0x00000000c674d030,0x00000000dd500000)
 Metaspace       used 81730K, committed 83392K, reserved 1179648K
  class space    used 8340K, committed 9088K, reserved 1048576K
}
Event: 830.109 GC heap after
{Heap after GC invocations=564 (full 4):
 PSYoungGen      total 2048K, used 736K [0x00000000eab00000, 0x00000000eae80000, 0x0000000100000000)
  eden space 1024K, 0% used [0x00000000eab00000,0x00000000eab00000,0x00000000eac00000)
  from space 1024K, 71% used [0x00000000ead80000,0x00000000eae38000,0x00000000eae80000)
  to   space 1024K, 0% used [0x00000000eac80000,0x00000000eac80000,0x00000000ead80000)
 ParOldGen       total 480256K, used 106356K [0x00000000c0000000, 0x00000000dd500000, 0x00000000eab00000)
  object space 480256K, 22% used [0x00000000c0000000,0x00000000c67dd030,0x00000000dd500000)
 Metaspace       used 81730K, committed 83392K, reserved 1179648K
  class space    used 8340K, committed 9088K, reserved 1048576K
}
Event: 830.136 GC heap before
{Heap before GC invocations=565 (full 4):
 PSYoungGen      total 2048K, used 1738K [0x00000000eab00000, 0x00000000eae80000, 0x0000000100000000)
  eden space 1024K, 97% used [0x00000000eab00000,0x00000000eabfa848,0x00000000eac00000)
  from space 1024K, 71% used [0x00000000ead80000,0x00000000eae38000,0x00000000eae80000)
  to   space 1024K, 0% used [0x00000000eac80000,0x00000000eac80000,0x00000000ead80000)
 ParOldGen       total 480256K, used 106356K [0x00000000c0000000, 0x00000000dd500000, 0x00000000eab00000)
  object space 480256K, 22% used [0x00000000c0000000,0x00000000c67dd030,0x00000000dd500000)
 Metaspace       used 81730K, committed 83392K, reserved 1179648K
  class space    used 8340K, committed 9088K, reserved 1048576K
}
Event: 830.142 GC heap after
{Heap after GC invocations=565 (full 4):
 PSYoungGen      total 2560K, used 1008K [0x00000000eab00000, 0x00000000eb080000, 0x0000000100000000)
  eden space 1536K, 0% used [0x00000000eab00000,0x00000000eab00000,0x00000000eac80000)
  from space 1024K, 98% used [0x00000000eac80000,0x00000000ead7c000,0x00000000ead80000)
  to   space 2048K, 0% used [0x00000000eae80000,0x00000000eae80000,0x00000000eb080000)
 ParOldGen       total 480256K, used 106956K [0x00000000c0000000, 0x00000000dd500000, 0x00000000eab00000)
  object space 480256K, 22% used [0x00000000c0000000,0x00000000c6873030,0x00000000dd500000)
 Metaspace       used 81730K, committed 83392K, reserved 1179648K
  class space    used 8340K, committed 9088K, reserved 1048576K
}
Event: 830.170 GC heap before
{Heap before GC invocations=566 (full 4):
 PSYoungGen      total 2560K, used 2544K [0x00000000eab00000, 0x00000000eb080000, 0x0000000100000000)
  eden space 1536K, 100% used [0x00000000eab00000,0x00000000eac80000,0x00000000eac80000)
  from space 1024K, 98% used [0x00000000eac80000,0x00000000ead7c000,0x00000000ead80000)
  to   space 2048K, 0% used [0x00000000eae80000,0x00000000eae80000,0x00000000eb080000)
 ParOldGen       total 480256K, used 106956K [0x00000000c0000000, 0x00000000dd500000, 0x00000000eab00000)
  object space 480256K, 22% used [0x00000000c0000000,0x00000000c6873030,0x00000000dd500000)
 Metaspace       used 81730K, committed 83392K, reserved 1179648K
  class space    used 8340K, committed 9088K, reserved 1048576K
}
Event: 830.176 GC heap after
{Heap after GC invocations=566 (full 4):
 PSYoungGen      total 3584K, used 1498K [0x00000000eab00000, 0x00000000eb000000, 0x0000000100000000)
  eden space 2048K, 0% used [0x00000000eab00000,0x00000000eab00000,0x00000000ead00000)
  from space 1536K, 97% used [0x00000000eae80000,0x00000000eaff6b20,0x00000000eb000000)
  to   space 1536K, 0% used [0x00000000ead00000,0x00000000ead00000,0x00000000eae80000)
 ParOldGen       total 480256K, used 107468K [0x00000000c0000000, 0x00000000dd500000, 0x00000000eab00000)
  object space 480256K, 22% used [0x00000000c0000000,0x00000000c68f3030,0x00000000dd500000)
 Metaspace       used 81730K, committed 83392K, reserved 1179648K
  class space    used 8340K, committed 9088K, reserved 1048576K
}
Event: 830.181 GC heap before
{Heap before GC invocations=567 (full 4):
 PSYoungGen      total 3584K, used 3546K [0x00000000eab00000, 0x00000000eb000000, 0x0000000100000000)
  eden space 2048K, 100% used [0x00000000eab00000,0x00000000ead00000,0x00000000ead00000)
  from space 1536K, 97% used [0x00000000eae80000,0x00000000eaff6b20,0x00000000eb000000)
  to   space 1536K, 0% used [0x00000000ead00000,0x00000000ead00000,0x00000000eae80000)
 ParOldGen       total 480256K, used 107468K [0x00000000c0000000, 0x00000000dd500000, 0x00000000eab00000)
  object space 480256K, 22% used [0x00000000c0000000,0x00000000c68f3030,0x00000000dd500000)
 Metaspace       used 81730K, committed 83392K, reserved 1179648K
  class space    used 8340K, committed 9088K, reserved 1048576K
}
Event: 831.189 GC heap after
{Heap after GC invocations=567 (full 4):
 PSYoungGen      total 3584K, used 1536K [0x00000000eab00000, 0x00000000eb580000, 0x0000000100000000)
  eden space 2048K, 0% used [0x00000000eab00000,0x00000000eab00000,0x00000000ead00000)
  from space 1536K, 100% used [0x00000000ead00000,0x00000000eae80000,0x00000000eae80000)
  to   space 4096K, 0% used [0x00000000eb180000,0x00000000eb180000,0x00000000eb580000)
 ParOldGen       total 480256K, used 109414K [0x00000000c0000000, 0x00000000dd500000, 0x00000000eab00000)
  object space 480256K, 22% used [0x00000000c0000000,0x00000000c6ad9b50,0x00000000dd500000)
 Metaspace       used 81730K, committed 83392K, reserved 1179648K
  class space    used 8340K, committed 9088K, reserved 1048576K
}
Event: 832.483 GC heap before
{Heap before GC invocations=568 (full 4):
 PSYoungGen      total 3584K, used 3584K [0x00000000eab00000, 0x00000000eb580000, 0x0000000100000000)
  eden space 2048K, 100% used [0x00000000eab00000,0x00000000ead00000,0x00000000ead00000)
  from space 1536K, 100% used [0x00000000ead00000,0x00000000eae80000,0x00000000eae80000)
  to   space 4096K, 0% used [0x00000000eb180000,0x00000000eb180000,0x00000000eb580000)
 ParOldGen       total 480256K, used 109414K [0x00000000c0000000, 0x00000000dd500000, 0x00000000eab00000)
  object space 480256K, 22% used [0x00000000c0000000,0x00000000c6ad9b50,0x00000000dd500000)
 Metaspace       used 81777K, committed 83392K, reserved 1179648K
  class space    used 8343K, committed 9088K, reserved 1048576K
}
Event: 832.493 GC heap after
{Heap after GC invocations=568 (full 4):
 PSYoungGen      total 4096K, used 1440K [0x00000000eab00000, 0x00000000eb300000, 0x0000000100000000)
  eden space 2560K, 0% used [0x00000000eab00000,0x00000000eab00000,0x00000000ead80000)
  from space 1536K, 93% used [0x00000000eb180000,0x00000000eb2e8000,0x00000000eb300000)
  to   space 2560K, 0% used [0x00000000eae00000,0x00000000eae00000,0x00000000eb080000)
 ParOldGen       total 480256K, used 111062K [0x00000000c0000000, 0x00000000dd500000, 0x00000000eab00000)
  object space 480256K, 23% used [0x00000000c0000000,0x00000000c6c75b50,0x00000000dd500000)
 Metaspace       used 81777K, committed 83392K, reserved 1179648K
  class space    used 8343K, committed 9088K, reserved 1048576K
}

