# JRE version: Java(TM) SE Runtime Environment (8.0_451) (build 1.8.0_451-b10)
# Java VM: Java HotSpot(TM) 64-Bit Server VM (25.451-b10 mixed mode windows-amd64 compressed oops)
Heap:
 PSYoungGen      total 44544K, used 23193K [0x000000076bb80000, 0x000000076f200000, 0x00000007c0000000)
  eden space 44032K, 52% used [0x000000076bb80000,0x000000076d1fe450,0x000000076e680000)
  from space 512K, 31% used [0x000000076f180000,0x000000076f1a8000,0x000000076f200000)
  to   space 512K, 0% used [0x000000076f100000,0x000000076f100000,0x000000076f180000)
 ParOldGen       total 173568K, used 15729K [0x00000006c3200000, 0x00000006cdb80000, 0x000000076bb80000)
  object space 173568K, 9% used [0x00000006c3200000,0x00000006c415c4e8,0x00000006cdb80000)
 Metaspace       used 14123K, capacity 14404K, committed 14720K, reserved 1062912K
  class space    used 1822K, capacity 1903K, committed 1920K, reserved 1048576K
GC Heap History (10 events):
Event: 100.217 GC heap before
{Heap before GC invocations=104 (full 0):
 PSYoungGen      total 50176K, used 49920K [0x000000076bb80000, 0x000000076f200000, 0x00000007c0000000)
  eden space 49664K, 100% used [0x000000076bb80000,0x000000076ec00000,0x000000076ec00000)
  from space 512K, 50% used [0x000000076f100000,0x000000076f140010,0x000000076f180000)
  to   space 512K, 0% used [0x000000076f180000,0x000000076f180000,0x000000076f200000)
 ParOldGen       total 173568K, used 15569K [0x00000006c3200000, 0x00000006cdb80000, 0x000000076bb80000)
  object space 173568K, 8% used [0x00000006c3200000,0x00000006c41344e8,0x00000006cdb80000)
 Metaspace       used 14123K, capacity 14404K, committed 14720K, reserved 1062912K
  class space    used 1822K, capacity 1903K, committed 1920K, reserved 1048576K
Event: 100.218 GC heap after
Heap after GC invocations=104 (full 0):
 PSYoungGen      total 49152K, used 160K [0x000000076bb80000, 0x000000076f200000, 0x00000007c0000000)
  eden space 48640K, 0% used [0x000000076bb80000,0x000000076bb80000,0x000000076eb00000)
  from space 512K, 31% used [0x000000076f180000,0x000000076f1a8000,0x000000076f200000)
  to   space 512K, 0% used [0x000000076f100000,0x000000076f100000,0x000000076f180000)
 ParOldGen       total 173568K, used 15585K [0x00000006c3200000, 0x00000006cdb80000, 0x000000076bb80000)
  object space 173568K, 8% used [0x00000006c3200000,0x00000006c41384e8,0x00000006cdb80000)
 Metaspace       used 14123K, capacity 14404K, committed 14720K, reserved 1062912K
  class space    used 1822K, capacity 1903K, committed 1920K, reserved 1048576K
}
Event: 100.506 GC heap before
{Heap before GC invocations=105 (full 0):
 PSYoungGen      total 49152K, used 48800K [0x000000076bb80000, 0x000000076f200000, 0x00000007c0000000)
  eden space 48640K, 100% used [0x000000076bb80000,0x000000076eb00000,0x000000076eb00000)
  from space 512K, 31% used [0x000000076f180000,0x000000076f1a8000,0x000000076f200000)
  to   space 512K, 0% used [0x000000076f100000,0x000000076f100000,0x000000076f180000)
 ParOldGen       total 173568K, used 15585K [0x00000006c3200000, 0x00000006cdb80000, 0x000000076bb80000)
  object space 173568K, 8% used [0x00000006c3200000,0x00000006c41384e8,0x00000006cdb80000)
 Metaspace       used 14123K, capacity 14404K, committed 14720K, reserved 1062912K
  class space    used 1822K, capacity 1903K, committed 1920K, reserved 1048576K
Event: 100.507 GC heap after
Heap after GC invocations=105 (full 0):
 PSYoungGen      total 48128K, used 96K [0x000000076bb80000, 0x000000076f200000, 0x00000007c0000000)
  eden space 47616K, 0% used [0x000000076bb80000,0x000000076bb80000,0x000000076ea00000)
  from space 512K, 18% used [0x000000076f100000,0x000000076f118000,0x000000076f180000)
  to   space 512K, 0% used [0x000000076f180000,0x000000076f180000,0x000000076f200000)
 ParOldGen       total 173568K, used 15601K [0x00000006c3200000, 0x00000006cdb80000, 0x000000076bb80000)
  object space 173568K, 8% used [0x00000006c3200000,0x00000006c413c4e8,0x00000006cdb80000)
 Metaspace       used 14123K, capacity 14404K, committed 14720K, reserved 1062912K
  class space    used 1822K, capacity 1903K, committed 1920K, reserved 1048576K
}
Event: 100.788 GC heap before
{Heap before GC invocations=106 (full 0):
 PSYoungGen      total 48128K, used 47712K [0x000000076bb80000, 0x000000076f200000, 0x00000007c0000000)
  eden space 47616K, 100% used [0x000000076bb80000,0x000000076ea00000,0x000000076ea00000)
  from space 512K, 18% used [0x000000076f100000,0x000000076f118000,0x000000076f180000)
  to   space 512K, 0% used [0x000000076f180000,0x000000076f180000,0x000000076f200000)
 ParOldGen       total 173568K, used 15601K [0x00000006c3200000, 0x00000006cdb80000, 0x000000076bb80000)
  object space 173568K, 8% used [0x00000006c3200000,0x00000006c413c4e8,0x00000006cdb80000)
 Metaspace       used 14123K, capacity 14404K, committed 14720K, reserved 1062912K
  class space    used 1822K, capacity 1903K, committed 1920K, reserved 1048576K
Event: 100.789 GC heap after
Heap after GC invocations=106 (full 0):
 PSYoungGen      total 47616K, used 256K [0x000000076bb80000, 0x000000076f200000, 0x00000007c0000000)
  eden space 47104K, 0% used [0x000000076bb80000,0x000000076bb80000,0x000000076e980000)
  from space 512K, 50% used [0x000000076f180000,0x000000076f1c0010,0x000000076f200000)
  to   space 512K, 0% used [0x000000076f100000,0x000000076f100000,0x000000076f180000)
 ParOldGen       total 173568K, used 15617K [0x00000006c3200000, 0x00000006cdb80000, 0x000000076bb80000)
  object space 173568K, 8% used [0x00000006c3200000,0x00000006c41404e8,0x00000006cdb80000)
 Metaspace       used 14123K, capacity 14404K, committed 14720K, reserved 1062912K
  class space    used 1822K, capacity 1903K, committed 1920K, reserved 1048576K
}
Event: 101.067 GC heap before
{Heap before GC invocations=107 (full 0):
 PSYoungGen      total 47616K, used 47360K [0x000000076bb80000, 0x000000076f200000, 0x00000007c0000000)
  eden space 47104K, 100% used [0x000000076bb80000,0x000000076e980000,0x000000076e980000)
  from space 512K, 50% used [0x000000076f180000,0x000000076f1c0010,0x000000076f200000)
  to   space 512K, 0% used [0x000000076f100000,0x000000076f100000,0x000000076f180000)
 ParOldGen       total 173568K, used 15617K [0x00000006c3200000, 0x00000006cdb80000, 0x000000076bb80000)
  object space 173568K, 8% used [0x00000006c3200000,0x00000006c41404e8,0x00000006cdb80000)
 Metaspace       used 14123K, capacity 14404K, committed 14720K, reserved 1062912K
  class space    used 1822K, capacity 1903K, committed 1920K, reserved 1048576K
Event: 101.068 GC heap after
Heap after GC invocations=107 (full 0):
 PSYoungGen      total 47104K, used 96K [0x000000076bb80000, 0x000000076f200000, 0x00000007c0000000)
  eden space 46592K, 0% used [0x000000076bb80000,0x000000076bb80000,0x000000076e900000)
  from space 512K, 18% used [0x000000076f100000,0x000000076f118000,0x000000076f180000)
  to   space 512K, 0% used [0x000000076f180000,0x000000076f180000,0x000000076f200000)
 ParOldGen       total 173568K, used 15641K [0x00000006c3200000, 0x00000006cdb80000, 0x000000076bb80000)
  object space 173568K, 9% used [0x00000006c3200000,0x00000006c41464e8,0x00000006cdb80000)
 Metaspace       used 14123K, capacity 14404K, committed 14720K, reserved 1062912K
  class space    used 1822K, capacity 1903K, committed 1920K, reserved 1048576K
}
Event: 101.342 GC heap before
{Heap before GC invocations=108 (full 0):
 PSYoungGen      total 47104K, used 46688K [0x000000076bb80000, 0x000000076f200000, 0x00000007c0000000)
  eden space 46592K, 100% used [0x000000076bb80000,0x000000076e900000,0x000000076e900000)
  from space 512K, 18% used [0x000000076f100000,0x000000076f118000,0x000000076f180000)
  to   space 512K, 0% used [0x000000076f180000,0x000000076f180000,0x000000076f200000)
 ParOldGen       total 173568K, used 15641K [0x00000006c3200000, 0x00000006cdb80000, 0x000000076bb80000)
  object space 173568K, 9% used [0x00000006c3200000,0x00000006c41464e8,0x00000006cdb80000)
 Metaspace       used 14123K, capacity 14404K, committed 14720K, reserved 1062912K
  class space    used 1822K, capacity 1903K, committed 1920K, reserved 1048576K
Event: 101.343 GC heap after
Heap after GC invocations=108 (full 0):
 PSYoungGen      total 46592K, used 96K [0x000000076bb80000, 0x000000076f200000, 0x00000007c0000000)
  eden space 46080K, 0% used [0x000000076bb80000,0x000000076bb80000,0x000000076e880000)
  from space 512K, 18% used [0x000000076f180000,0x000000076f198000,0x000000076f200000)
  to   space 512K, 0% used [0x000000076f100000,0x000000076f100000,0x000000076f180000)
 ParOldGen       total 173568K, used 15657K [0x00000006c3200000, 0x00000006cdb80000, 0x000000076bb80000)
  object space 173568K, 9% used [0x00000006c3200000,0x00000006c414a4e8,0x00000006cdb80000)
 Metaspace       used 14123K, capacity 14404K, committed 14720K, reserved 1062912K
  class space    used 1822K, capacity 1903K, committed 1920K, reserved 1048576K
}

