# JRE version: Java(TM) SE Runtime Environment (8.0_451) (build 1.8.0_451-b10)
# Java VM: Java HotSpot(TM) 64-Bit Server VM (25.451-b10 mixed mode windows-amd64 compressed oops)
Heap:
 PSYoungGen      total 75776K, used 35708K [0x000000076bb80000, 0x0000000771000000, 0x00000007c0000000)
  eden space 65024K, 38% used [0x000000076bb80000,0x000000076d3e57f8,0x000000076fb00000)
  from space 10752K, 99% used [0x0000000770580000,0x0000000770ff9a78,0x0000000771000000)
  to   space 10752K, 0% used [0x000000076fb00000,0x000000076fb00000,0x0000000770580000)
 ParOldGen       total 173568K, used 403K [0x00000006c3200000, 0x00000006cdb80000, 0x000000076bb80000)
  object space 173568K, 0% used [0x00000006c3200000,0x00000006c3264c90,0x00000006cdb80000)
 Metaspace       used 14377K, capacity 14640K, committed 14848K, reserved 1062912K
  class space    used 1858K, capacity 1939K, committed 2048K, reserved 1048576K
GC Heap History (4 events):
Event: 14.295 GC heap before
{Heap before GC invocations=1 (full 0):
 PSYoungGen      total 75776K, used 65024K [0x000000076bb80000, 0x0000000771000000, 0x00000007c0000000)
  eden space 65024K, 100% used [0x000000076bb80000,0x000000076fb00000,0x000000076fb00000)
  from space 10752K, 0% used [0x0000000770580000,0x0000000770580000,0x0000000771000000)
  to   space 10752K, 0% used [0x000000076fb00000,0x000000076fb00000,0x0000000770580000)
 ParOldGen       total 173568K, used 0K [0x00000006c3200000, 0x00000006cdb80000, 0x000000076bb80000)
  object space 173568K, 0% used [0x00000006c3200000,0x00000006c3200000,0x00000006cdb80000)
 Metaspace       used 13718K, capacity 13992K, committed 14208K, reserved 1060864K
  class space    used 1804K, capacity 1894K, committed 1920K, reserved 1048576K
Event: 14.300 GC heap after
Heap after GC invocations=1 (full 0):
 PSYoungGen      total 75776K, used 10725K [0x000000076bb80000, 0x0000000771000000, 0x00000007c0000000)
  eden space 65024K, 0% used [0x000000076bb80000,0x000000076bb80000,0x000000076fb00000)
  from space 10752K, 99% used [0x000000076fb00000,0x0000000770579420,0x0000000770580000)
  to   space 10752K, 0% used [0x0000000770580000,0x0000000770580000,0x0000000771000000)
 ParOldGen       total 173568K, used 131K [0x00000006c3200000, 0x00000006cdb80000, 0x000000076bb80000)
  object space 173568K, 0% used [0x00000006c3200000,0x00000006c3220c50,0x00000006cdb80000)
 Metaspace       used 13718K, capacity 13992K, committed 14208K, reserved 1060864K
  class space    used 1804K, capacity 1894K, committed 1920K, reserved 1048576K
}
Event: 144.621 GC heap before
{Heap before GC invocations=2 (full 0):
 PSYoungGen      total 75776K, used 72348K [0x000000076bb80000, 0x0000000771000000, 0x00000007c0000000)
  eden space 65024K, 94% used [0x000000076bb80000,0x000000076f7adcf8,0x000000076fb00000)
  from space 10752K, 99% used [0x000000076fb00000,0x0000000770579420,0x0000000770580000)
  to   space 10752K, 0% used [0x0000000770580000,0x0000000770580000,0x0000000771000000)
 ParOldGen       total 173568K, used 131K [0x00000006c3200000, 0x00000006cdb80000, 0x000000076bb80000)
  object space 173568K, 0% used [0x00000006c3200000,0x00000006c3220c50,0x00000006cdb80000)
 Metaspace       used 14343K, capacity 14576K, committed 14848K, reserved 1062912K
  class space    used 1857K, capacity 1939K, committed 2048K, reserved 1048576K
Event: 144.663 GC heap after
Heap after GC invocations=2 (full 0):
 PSYoungGen      total 75776K, used 10726K [0x000000076bb80000, 0x0000000771000000, 0x00000007c0000000)
  eden space 65024K, 0% used [0x000000076bb80000,0x000000076bb80000,0x000000076fb00000)
  from space 10752K, 99% used [0x0000000770580000,0x0000000770ff9a78,0x0000000771000000)
  to   space 10752K, 0% used [0x000000076fb00000,0x000000076fb00000,0x0000000770580000)
 ParOldGen       total 173568K, used 403K [0x00000006c3200000, 0x00000006cdb80000, 0x000000076bb80000)
  object space 173568K, 0% used [0x00000006c3200000,0x00000006c3264c90,0x00000006cdb80000)
 Metaspace       used 14343K, capacity 14576K, committed 14848K, reserved 1062912K
  class space    used 1857K, capacity 1939K, committed 2048K, reserved 1048576K
}

